<?xml version="1.0" encoding="UTF-8"?>
<testsuite xmlns:xsi="http://www.w3.org/2001/XMLSchema-instance" xsi:noNamespaceSchemaLocation="https://maven.apache.org/surefire/maven-surefire-plugin/xsd/surefire-test-report.xsd" name="de.tkoehler.rezepttool.manager.restcontroller.test.CreateRecipeControllerIntegrationTest" time="13.41" tests="1" errors="0" skipped="0" failures="1">
  <properties>
    <property name="java.specification.version" value="14"/>
    <property name="sun.cpu.isalist" value="amd64"/>
    <property name="sun.jnu.encoding" value="Cp1252"/>
    <property name="java.class.path" value="D:\Programmierung\Java\Workspace_STS\RezepttoolManager\target\test-classes;D:\Programmierung\Java\Workspace_STS\RezepttoolManager\target\classes;C:\Users\Arges\.m2\repository\org\springframework\boot\spring-boot-starter-actuator\2.1.1.RELEASE\spring-boot-starter-actuator-2.1.1.RELEASE.jar;C:\Users\Arges\.m2\repository\org\springframework\boot\spring-boot-starter\2.1.1.RELEASE\spring-boot-starter-2.1.1.RELEASE.jar;C:\Users\Arges\.m2\repository\org\springframework\boot\spring-boot-starter-logging\2.1.1.RELEASE\spring-boot-starter-logging-2.1.1.RELEASE.jar;C:\Users\Arges\.m2\repository\ch\qos\logback\logback-classic\1.2.3\logback-classic-1.2.3.jar;C:\Users\Arges\.m2\repository\ch\qos\logback\logback-core\1.2.3\logback-core-1.2.3.jar;C:\Users\Arges\.m2\repository\org\apache\logging\log4j\log4j-to-slf4j\2.11.1\log4j-to-slf4j-2.11.1.jar;C:\Users\Arges\.m2\repository\org\apache\logging\log4j\log4j-api\2.11.1\log4j-api-2.11.1.jar;C:\Users\Arges\.m2\repository\org\slf4j\jul-to-slf4j\1.7.25\jul-to-slf4j-1.7.25.jar;C:\Users\Arges\.m2\repository\javax\annotation\javax.annotation-api\1.3.2\javax.annotation-api-1.3.2.jar;C:\Users\Arges\.m2\repository\org\yaml\snakeyaml\1.23\snakeyaml-1.23.jar;C:\Users\Arges\.m2\repository\org\springframework\boot\spring-boot-actuator-autoconfigure\2.1.1.RELEASE\spring-boot-actuator-autoconfigure-2.1.1.RELEASE.jar;C:\Users\Arges\.m2\repository\org\springframework\boot\spring-boot-actuator\2.1.1.RELEASE\spring-boot-actuator-2.1.1.RELEASE.jar;C:\Users\Arges\.m2\repository\com\fasterxml\jackson\core\jackson-databind\2.9.7\jackson-databind-2.9.7.jar;C:\Users\Arges\.m2\repository\com\fasterxml\jackson\datatype\jackson-datatype-jsr310\2.9.7\jackson-datatype-jsr310-2.9.7.jar;C:\Users\Arges\.m2\repository\io\micrometer\micrometer-core\1.1.1\micrometer-core-1.1.1.jar;C:\Users\Arges\.m2\repository\org\hdrhistogram\HdrHistogram\2.1.9\HdrHistogram-2.1.9.jar;C:\Users\Arges\.m2\repository\org\latencyutils\LatencyUtils\2.0.3\LatencyUtils-2.0.3.jar;C:\Users\Arges\.m2\repository\org\springframework\boot\spring-boot-starter-aop\2.1.1.RELEASE\spring-boot-starter-aop-2.1.1.RELEASE.jar;C:\Users\Arges\.m2\repository\org\springframework\spring-aop\5.1.3.RELEASE\spring-aop-5.1.3.RELEASE.jar;C:\Users\Arges\.m2\repository\org\springframework\spring-beans\5.1.3.RELEASE\spring-beans-5.1.3.RELEASE.jar;C:\Users\Arges\.m2\repository\org\aspectj\aspectjweaver\1.9.2\aspectjweaver-1.9.2.jar;C:\Users\Arges\.m2\repository\org\springframework\boot\spring-boot-starter-cache\2.1.1.RELEASE\spring-boot-starter-cache-2.1.1.RELEASE.jar;C:\Users\Arges\.m2\repository\org\springframework\spring-context-support\5.1.3.RELEASE\spring-context-support-5.1.3.RELEASE.jar;C:\Users\Arges\.m2\repository\org\springframework\boot\spring-boot-starter-data-jpa\2.1.1.RELEASE\spring-boot-starter-data-jpa-2.1.1.RELEASE.jar;C:\Users\Arges\.m2\repository\org\springframework\boot\spring-boot-starter-jdbc\2.1.1.RELEASE\spring-boot-starter-jdbc-2.1.1.RELEASE.jar;C:\Users\Arges\.m2\repository\com\zaxxer\HikariCP\3.2.0\HikariCP-3.2.0.jar;C:\Users\Arges\.m2\repository\org\springframework\spring-jdbc\5.1.3.RELEASE\spring-jdbc-5.1.3.RELEASE.jar;C:\Users\Arges\.m2\repository\javax\transaction\javax.transaction-api\1.3\javax.transaction-api-1.3.jar;C:\Users\Arges\.m2\repository\javax\xml\bind\jaxb-api\2.3.1\jaxb-api-2.3.1.jar;C:\Users\Arges\.m2\repository\javax\activation\javax.activation-api\1.2.0\javax.activation-api-1.2.0.jar;C:\Users\Arges\.m2\repository\org\hibernate\hibernate-core\5.3.7.Final\hibernate-core-5.3.7.Final.jar;C:\Users\Arges\.m2\repository\org\jboss\logging\jboss-logging\3.3.2.Final\jboss-logging-3.3.2.Final.jar;C:\Users\Arges\.m2\repository\javax\persistence\javax.persistence-api\2.2\javax.persistence-api-2.2.jar;C:\Users\Arges\.m2\repository\org\javassist\javassist\3.23.1-GA\javassist-3.23.1-GA.jar;C:\Users\Arges\.m2\repository\net\bytebuddy\byte-buddy\1.9.5\byte-buddy-1.9.5.jar;C:\Users\Arges\.m2\repository\antlr\antlr\2.7.7\antlr-2.7.7.jar;C:\Users\Arges\.m2\repository\org\jboss\jandex\2.0.5.Final\jandex-2.0.5.Final.jar;C:\Users\Arges\.m2\repository\com\fasterxml\classmate\1.4.0\classmate-1.4.0.jar;C:\Users\Arges\.m2\repository\org\dom4j\dom4j\2.1.1\dom4j-2.1.1.jar;C:\Users\Arges\.m2\repository\org\hibernate\common\hibernate-commons-annotations\5.0.4.Final\hibernate-commons-annotations-5.0.4.Final.jar;C:\Users\Arges\.m2\repository\org\springframework\data\spring-data-jpa\2.1.3.RELEASE\spring-data-jpa-2.1.3.RELEASE.jar;C:\Users\Arges\.m2\repository\org\springframework\data\spring-data-commons\2.1.3.RELEASE\spring-data-commons-2.1.3.RELEASE.jar;C:\Users\Arges\.m2\repository\org\springframework\spring-orm\5.1.3.RELEASE\spring-orm-5.1.3.RELEASE.jar;C:\Users\Arges\.m2\repository\org\springframework\spring-tx\5.1.3.RELEASE\spring-tx-5.1.3.RELEASE.jar;C:\Users\Arges\.m2\repository\org\springframework\spring-aspects\5.1.3.RELEASE\spring-aspects-5.1.3.RELEASE.jar;C:\Users\Arges\.m2\repository\org\springframework\boot\spring-boot-starter-data-rest\2.1.1.RELEASE\spring-boot-starter-data-rest-2.1.1.RELEASE.jar;C:\Users\Arges\.m2\repository\org\springframework\data\spring-data-rest-webmvc\3.1.3.RELEASE\spring-data-rest-webmvc-3.1.3.RELEASE.jar;C:\Users\Arges\.m2\repository\org\springframework\data\spring-data-rest-core\3.1.3.RELEASE\spring-data-rest-core-3.1.3.RELEASE.jar;C:\Users\Arges\.m2\repository\org\atteo\evo-inflector\1.2.2\evo-inflector-1.2.2.jar;C:\Users\Arges\.m2\repository\com\fasterxml\jackson\core\jackson-annotations\2.9.0\jackson-annotations-2.9.0.jar;C:\Users\Arges\.m2\repository\org\springframework\boot\spring-boot-starter-hateoas\2.1.1.RELEASE\spring-boot-starter-hateoas-2.1.1.RELEASE.jar;C:\Users\Arges\.m2\repository\org\springframework\hateoas\spring-hateoas\0.25.0.RELEASE\spring-hateoas-0.25.0.RELEASE.jar;C:\Users\Arges\.m2\repository\org\springframework\plugin\spring-plugin-core\1.2.0.RELEASE\spring-plugin-core-1.2.0.RELEASE.jar;C:\Users\Arges\.m2\repository\org\springframework\boot\spring-boot-starter-integration\2.1.1.RELEASE\spring-boot-starter-integration-2.1.1.RELEASE.jar;C:\Users\Arges\.m2\repository\org\springframework\integration\spring-integration-core\5.1.1.RELEASE\spring-integration-core-5.1.1.RELEASE.jar;C:\Users\Arges\.m2\repository\io\projectreactor\reactor-core\3.2.3.RELEASE\reactor-core-3.2.3.RELEASE.jar;C:\Users\Arges\.m2\repository\org\springframework\boot\spring-boot-starter-mail\2.1.1.RELEASE\spring-boot-starter-mail-2.1.1.RELEASE.jar;C:\Users\Arges\.m2\repository\com\sun\mail\javax.mail\1.6.2\javax.mail-1.6.2.jar;C:\Users\Arges\.m2\repository\javax\activation\activation\1.1\activation-1.1.jar;C:\Users\Arges\.m2\repository\org\springframework\boot\spring-boot-starter-thymeleaf\2.1.1.RELEASE\spring-boot-starter-thymeleaf-2.1.1.RELEASE.jar;C:\Users\Arges\.m2\repository\org\thymeleaf\thymeleaf-spring5\3.0.11.RELEASE\thymeleaf-spring5-3.0.11.RELEASE.jar;C:\Users\Arges\.m2\repository\org\thymeleaf\thymeleaf\3.0.11.RELEASE\thymeleaf-3.0.11.RELEASE.jar;C:\Users\Arges\.m2\repository\org\attoparser\attoparser\2.0.5.RELEASE\attoparser-2.0.5.RELEASE.jar;C:\Users\Arges\.m2\repository\org\unbescape\unbescape\1.1.6.RELEASE\unbescape-1.1.6.RELEASE.jar;C:\Users\Arges\.m2\repository\org\thymeleaf\extras\thymeleaf-extras-java8time\3.0.2.RELEASE\thymeleaf-extras-java8time-3.0.2.RELEASE.jar;C:\Users\Arges\.m2\repository\org\springframework\boot\spring-boot-starter-validation\2.1.1.RELEASE\spring-boot-starter-validation-2.1.1.RELEASE.jar;C:\Users\Arges\.m2\repository\org\apache\tomcat\embed\tomcat-embed-el\9.0.13\tomcat-embed-el-9.0.13.jar;C:\Users\Arges\.m2\repository\org\hibernate\validator\hibernate-validator\6.0.13.Final\hibernate-validator-6.0.13.Final.jar;C:\Users\Arges\.m2\repository\javax\validation\validation-api\2.0.1.Final\validation-api-2.0.1.Final.jar;C:\Users\Arges\.m2\repository\org\springframework\boot\spring-boot-starter-web\2.1.1.RELEASE\spring-boot-starter-web-2.1.1.RELEASE.jar;C:\Users\Arges\.m2\repository\org\springframework\boot\spring-boot-starter-json\2.1.1.RELEASE\spring-boot-starter-json-2.1.1.RELEASE.jar;C:\Users\Arges\.m2\repository\com\fasterxml\jackson\datatype\jackson-datatype-jdk8\2.9.7\jackson-datatype-jdk8-2.9.7.jar;C:\Users\Arges\.m2\repository\com\fasterxml\jackson\module\jackson-module-parameter-names\2.9.7\jackson-module-parameter-names-2.9.7.jar;C:\Users\Arges\.m2\repository\org\springframework\boot\spring-boot-starter-tomcat\2.1.1.RELEASE\spring-boot-starter-tomcat-2.1.1.RELEASE.jar;C:\Users\Arges\.m2\repository\org\apache\tomcat\embed\tomcat-embed-core\9.0.13\tomcat-embed-core-9.0.13.jar;C:\Users\Arges\.m2\repository\org\apache\tomcat\embed\tomcat-embed-websocket\9.0.13\tomcat-embed-websocket-9.0.13.jar;C:\Users\Arges\.m2\repository\org\springframework\spring-web\5.1.3.RELEASE\spring-web-5.1.3.RELEASE.jar;C:\Users\Arges\.m2\repository\org\springframework\spring-webmvc\5.1.3.RELEASE\spring-webmvc-5.1.3.RELEASE.jar;C:\Users\Arges\.m2\repository\org\springframework\spring-expression\5.1.3.RELEASE\spring-expression-5.1.3.RELEASE.jar;C:\Users\Arges\.m2\repository\de\codecentric\spring-boot-admin-starter-client\2.1.1\spring-boot-admin-starter-client-2.1.1.jar;C:\Users\Arges\.m2\repository\de\codecentric\spring-boot-admin-client\2.1.1\spring-boot-admin-client-2.1.1.jar;C:\Users\Arges\.m2\repository\org\jolokia\jolokia-core\1.6.0\jolokia-core-1.6.0.jar;C:\Users\Arges\.m2\repository\com\googlecode\json-simple\json-simple\1.1.1\json-simple-1.1.1.jar;C:\Users\Arges\.m2\repository\com\google\code\findbugs\jsr305\3.0.2\jsr305-3.0.2.jar;C:\Users\Arges\.m2\repository\org\springframework\cloud\spring-cloud-starter-netflix-hystrix\2.1.0.M3\spring-cloud-starter-netflix-hystrix-2.1.0.M3.jar;C:\Users\Arges\.m2\repository\org\springframework\cloud\spring-cloud-starter\2.1.0.M2\spring-cloud-starter-2.1.0.M2.jar;C:\Users\Arges\.m2\repository\org\springframework\cloud\spring-cloud-context\2.1.0.M2\spring-cloud-context-2.1.0.M2.jar;C:\Users\Arges\.m2\repository\org\springframework\security\spring-security-crypto\5.1.2.RELEASE\spring-security-crypto-5.1.2.RELEASE.jar;C:\Users\Arges\.m2\repository\org\springframework\cloud\spring-cloud-commons\2.1.0.M2\spring-cloud-commons-2.1.0.M2.jar;C:\Users\Arges\.m2\repository\org\springframework\security\spring-security-rsa\1.0.7.RELEASE\spring-security-rsa-1.0.7.RELEASE.jar;C:\Users\Arges\.m2\repository\org\bouncycastle\bcpkix-jdk15on\1.60\bcpkix-jdk15on-1.60.jar;C:\Users\Arges\.m2\repository\org\bouncycastle\bcprov-jdk15on\1.60\bcprov-jdk15on-1.60.jar;C:\Users\Arges\.m2\repository\org\springframework\cloud\spring-cloud-netflix-hystrix\2.1.0.M3\spring-cloud-netflix-hystrix-2.1.0.M3.jar;C:\Users\Arges\.m2\repository\org\springframework\cloud\spring-cloud-netflix-ribbon\2.1.0.M3\spring-cloud-netflix-ribbon-2.1.0.M3.jar;C:\Users\Arges\.m2\repository\org\springframework\cloud\spring-cloud-netflix-archaius\2.1.0.M3\spring-cloud-netflix-archaius-2.1.0.M3.jar;C:\Users\Arges\.m2\repository\org\springframework\cloud\spring-cloud-starter-netflix-archaius\2.1.0.M3\spring-cloud-starter-netflix-archaius-2.1.0.M3.jar;C:\Users\Arges\.m2\repository\com\netflix\archaius\archaius-core\0.7.6\archaius-core-0.7.6.jar;C:\Users\Arges\.m2\repository\commons-configuration\commons-configuration\1.8\commons-configuration-1.8.jar;C:\Users\Arges\.m2\repository\commons-lang\commons-lang\2.6\commons-lang-2.6.jar;C:\Users\Arges\.m2\repository\com\netflix\hystrix\hystrix-core\1.5.12\hystrix-core-1.5.12.jar;C:\Users\Arges\.m2\repository\io\reactivex\rxjava\1.3.8\rxjava-1.3.8.jar;C:\Users\Arges\.m2\repository\com\netflix\hystrix\hystrix-serialization\1.5.12\hystrix-serialization-1.5.12.jar;C:\Users\Arges\.m2\repository\com\fasterxml\jackson\module\jackson-module-afterburner\2.9.7\jackson-module-afterburner-2.9.7.jar;C:\Users\Arges\.m2\repository\com\fasterxml\jackson\core\jackson-core\2.9.7\jackson-core-2.9.7.jar;C:\Users\Arges\.m2\repository\com\netflix\hystrix\hystrix-metrics-event-stream\1.5.12\hystrix-metrics-event-stream-1.5.12.jar;C:\Users\Arges\.m2\repository\com\netflix\hystrix\hystrix-javanica\1.5.12\hystrix-javanica-1.5.12.jar;C:\Users\Arges\.m2\repository\org\apache\commons\commons-lang3\3.8.1\commons-lang3-3.8.1.jar;C:\Users\Arges\.m2\repository\org\ow2\asm\asm\5.0.4\asm-5.0.4.jar;C:\Users\Arges\.m2\repository\com\google\guava\guava\15.0\guava-15.0.jar;C:\Users\Arges\.m2\repository\io\reactivex\rxjava-reactive-streams\1.2.1\rxjava-reactive-streams-1.2.1.jar;C:\Users\Arges\.m2\repository\org\reactivestreams\reactive-streams\1.0.2\reactive-streams-1.0.2.jar;C:\Users\Arges\.m2\repository\org\springframework\integration\spring-integration-kafka\3.1.0.RELEASE\spring-integration-kafka-3.1.0.RELEASE.jar;C:\Users\Arges\.m2\repository\org\springframework\kafka\spring-kafka\2.2.2.RELEASE\spring-kafka-2.2.2.RELEASE.jar;C:\Users\Arges\.m2\repository\org\apache\kafka\kafka-streams\2.0.1\kafka-streams-2.0.1.jar;C:\Users\Arges\.m2\repository\org\apache\kafka\kafka-clients\2.0.1\kafka-clients-2.0.1.jar;C:\Users\Arges\.m2\repository\org\lz4\lz4-java\1.4.1\lz4-java-1.4.1.jar;C:\Users\Arges\.m2\repository\org\xerial\snappy\snappy-java\1.1.7.1\snappy-java-1.1.7.1.jar;C:\Users\Arges\.m2\repository\org\apache\kafka\connect-json\2.0.1\connect-json-2.0.1.jar;C:\Users\Arges\.m2\repository\org\apache\kafka\connect-api\2.0.1\connect-api-2.0.1.jar;C:\Users\Arges\.m2\repository\javax\ws\rs\javax.ws.rs-api\2.1\javax.ws.rs-api-2.1.jar;C:\Users\Arges\.m2\repository\org\slf4j\slf4j-api\1.7.25\slf4j-api-1.7.25.jar;C:\Users\Arges\.m2\repository\org\rocksdb\rocksdbjni\5.7.3\rocksdbjni-5.7.3.jar;C:\Users\Arges\.m2\repository\org\springframework\cloud\spring-cloud-stream\2.1.0.RC2\spring-cloud-stream-2.1.0.RC2.jar;C:\Users\Arges\.m2\repository\org\springframework\spring-messaging\5.1.3.RELEASE\spring-messaging-5.1.3.RELEASE.jar;C:\Users\Arges\.m2\repository\org\springframework\integration\spring-integration-jmx\5.1.1.RELEASE\spring-integration-jmx-5.1.1.RELEASE.jar;C:\Users\Arges\.m2\repository\org\springframework\spring-tuple\1.0.0.RELEASE\spring-tuple-1.0.0.RELEASE.jar;C:\Users\Arges\.m2\repository\com\esotericsoftware\kryo-shaded\3.0.3\kryo-shaded-3.0.3.jar;C:\Users\Arges\.m2\repository\com\esotericsoftware\minlog\1.3.0\minlog-1.3.0.jar;C:\Users\Arges\.m2\repository\org\springframework\integration\spring-integration-tuple\1.0.0.RELEASE\spring-integration-tuple-1.0.0.RELEASE.jar;C:\Users\Arges\.m2\repository\org\springframework\retry\spring-retry\1.2.2.RELEASE\spring-retry-1.2.2.RELEASE.jar;C:\Users\Arges\.m2\repository\org\springframework\cloud\spring-cloud-function-context\2.0.0.RC2\spring-cloud-function-context-2.0.0.RC2.jar;C:\Users\Arges\.m2\repository\org\springframework\cloud\spring-cloud-function-core\2.0.0.RC2\spring-cloud-function-core-2.0.0.RC2.jar;C:\Users\Arges\.m2\repository\org\springframework\cloud\spring-cloud-stream-binder-kafka\2.1.0.RC2\spring-cloud-stream-binder-kafka-2.1.0.RC2.jar;C:\Users\Arges\.m2\repository\org\springframework\cloud\spring-cloud-stream-binder-kafka-core\2.1.0.RC2\spring-cloud-stream-binder-kafka-core-2.1.0.RC2.jar;C:\Users\Arges\.m2\repository\org\springframework\boot\spring-boot-devtools\2.1.1.RELEASE\spring-boot-devtools-2.1.1.RELEASE.jar;C:\Users\Arges\.m2\repository\org\springframework\boot\spring-boot\2.1.1.RELEASE\spring-boot-2.1.1.RELEASE.jar;C:\Users\Arges\.m2\repository\org\springframework\boot\spring-boot-autoconfigure\2.1.1.RELEASE\spring-boot-autoconfigure-2.1.1.RELEASE.jar;C:\Users\Arges\.m2\repository\com\h2database\h2\1.4.197\h2-1.4.197.jar;C:\Users\Arges\.m2\repository\mysql\mysql-connector-java\8.0.13\mysql-connector-java-8.0.13.jar;C:\Users\Arges\.m2\repository\org\projectlombok\lombok\1.18.4\lombok-1.18.4.jar;C:\Users\Arges\.m2\repository\org\springframework\boot\spring-boot-starter-test\2.1.1.RELEASE\spring-boot-starter-test-2.1.1.RELEASE.jar;C:\Users\Arges\.m2\repository\org\springframework\boot\spring-boot-test\2.1.1.RELEASE\spring-boot-test-2.1.1.RELEASE.jar;C:\Users\Arges\.m2\repository\org\springframework\boot\spring-boot-test-autoconfigure\2.1.1.RELEASE\spring-boot-test-autoconfigure-2.1.1.RELEASE.jar;C:\Users\Arges\.m2\repository\com\jayway\jsonpath\json-path\2.4.0\json-path-2.4.0.jar;C:\Users\Arges\.m2\repository\net\minidev\json-smart\2.3\json-smart-2.3.jar;C:\Users\Arges\.m2\repository\net\minidev\accessors-smart\1.2\accessors-smart-1.2.jar;C:\Users\Arges\.m2\repository\junit\junit\4.12\junit-4.12.jar;C:\Users\Arges\.m2\repository\org\assertj\assertj-core\3.11.1\assertj-core-3.11.1.jar;C:\Users\Arges\.m2\repository\org\mockito\mockito-core\2.23.4\mockito-core-2.23.4.jar;C:\Users\Arges\.m2\repository\net\bytebuddy\byte-buddy-agent\1.9.5\byte-buddy-agent-1.9.5.jar;C:\Users\Arges\.m2\repository\org\objenesis\objenesis\2.6\objenesis-2.6.jar;C:\Users\Arges\.m2\repository\org\hamcrest\hamcrest-core\1.3\hamcrest-core-1.3.jar;C:\Users\Arges\.m2\repository\org\hamcrest\hamcrest-library\1.3\hamcrest-library-1.3.jar;C:\Users\Arges\.m2\repository\org\skyscreamer\jsonassert\1.5.0\jsonassert-1.5.0.jar;C:\Users\Arges\.m2\repository\com\vaadin\external\google\android-json\0.0.20131108.vaadin1\android-json-0.0.20131108.vaadin1.jar;C:\Users\Arges\.m2\repository\org\springframework\spring-core\5.1.3.RELEASE\spring-core-5.1.3.RELEASE.jar;C:\Users\Arges\.m2\repository\org\springframework\spring-jcl\5.1.3.RELEASE\spring-jcl-5.1.3.RELEASE.jar;C:\Users\Arges\.m2\repository\org\springframework\spring-test\5.1.3.RELEASE\spring-test-5.1.3.RELEASE.jar;C:\Users\Arges\.m2\repository\org\xmlunit\xmlunit-core\2.6.2\xmlunit-core-2.6.2.jar;C:\Users\Arges\.m2\repository\org\springframework\kafka\spring-kafka-test\2.2.2.RELEASE\spring-kafka-test-2.2.2.RELEASE.jar;C:\Users\Arges\.m2\repository\org\springframework\spring-context\5.1.3.RELEASE\spring-context-5.1.3.RELEASE.jar;C:\Users\Arges\.m2\repository\org\apache\kafka\kafka-clients\2.0.0\kafka-clients-2.0.0-test.jar;C:\Users\Arges\.m2\repository\org\apache\kafka\kafka_2.11\2.0.1\kafka_2.11-2.0.1.jar;C:\Users\Arges\.m2\repository\net\sf\jopt-simple\jopt-simple\5.0.4\jopt-simple-5.0.4.jar;C:\Users\Arges\.m2\repository\com\yammer\metrics\metrics-core\2.2.0\metrics-core-2.2.0.jar;C:\Users\Arges\.m2\repository\org\scala-lang\scala-library\2.11.12\scala-library-2.11.12.jar;C:\Users\Arges\.m2\repository\org\scala-lang\scala-reflect\2.11.12\scala-reflect-2.11.12.jar;C:\Users\Arges\.m2\repository\com\typesafe\scala-logging\scala-logging_2.11\3.9.0\scala-logging_2.11-3.9.0.jar;C:\Users\Arges\.m2\repository\com\101tec\zkclient\0.10\zkclient-0.10.jar;C:\Users\Arges\.m2\repository\org\apache\zookeeper\zookeeper\3.4.13\zookeeper-3.4.13.jar;C:\Users\Arges\.m2\repository\org\apache\yetus\audience-annotations\0.5.0\audience-annotations-0.5.0.jar;C:\Users\Arges\.m2\repository\org\apache\kafka\kafka_2.11\2.0.0\kafka_2.11-2.0.0-test.jar;C:\Users\Arges\.m2\repository\org\jsoup\jsoup\1.8.3\jsoup-1.8.3.jar;C:\Users\Arges\.m2\repository\javax\json\javax.json-api\1.1.4\javax.json-api-1.1.4.jar;C:\Users\Arges\.m2\repository\org\glassfish\javax.json\1.1\javax.json-1.1.jar;"/>
    <property name="java.vm.vendor" value="Oracle Corporation"/>
    <property name="sun.arch.data.model" value="64"/>
    <property name="user.variant" value=""/>
    <property name="java.vendor.url" value="https://java.oracle.com/"/>
    <property name="user.timezone" value="Europe/Berlin"/>
    <property name="os.name" value="Windows 10"/>
    <property name="java.vm.specification.version" value="14"/>
    <property name="sun.java.launcher" value="SUN_STANDARD"/>
    <property name="user.country" value="DE"/>
    <property name="sun.boot.library.path" value="C:\Program Files\Java\jdk-14.0.2\bin"/>
    <property name="sun.java.command" value="C:\Users\Arges\AppData\Local\Temp\surefire5690073705920995425\surefirebooter17356358200207491318.jar C:\Users\Arges\AppData\Local\Temp\surefire5690073705920995425 2020-09-12T15-26-43_886-jvmRun1 surefire17307410932682764565tmp surefire_02919354722842318170tmp"/>
    <property name="jdk.debug" value="release"/>
    <property name="surefire.test.class.path" value="D:\Programmierung\Java\Workspace_STS\RezepttoolManager\target\test-classes;D:\Programmierung\Java\Workspace_STS\RezepttoolManager\target\classes;C:\Users\Arges\.m2\repository\org\springframework\boot\spring-boot-starter-actuator\2.1.1.RELEASE\spring-boot-starter-actuator-2.1.1.RELEASE.jar;C:\Users\Arges\.m2\repository\org\springframework\boot\spring-boot-starter\2.1.1.RELEASE\spring-boot-starter-2.1.1.RELEASE.jar;C:\Users\Arges\.m2\repository\org\springframework\boot\spring-boot-starter-logging\2.1.1.RELEASE\spring-boot-starter-logging-2.1.1.RELEASE.jar;C:\Users\Arges\.m2\repository\ch\qos\logback\logback-classic\1.2.3\logback-classic-1.2.3.jar;C:\Users\Arges\.m2\repository\ch\qos\logback\logback-core\1.2.3\logback-core-1.2.3.jar;C:\Users\Arges\.m2\repository\org\apache\logging\log4j\log4j-to-slf4j\2.11.1\log4j-to-slf4j-2.11.1.jar;C:\Users\Arges\.m2\repository\org\apache\logging\log4j\log4j-api\2.11.1\log4j-api-2.11.1.jar;C:\Users\Arges\.m2\repository\org\slf4j\jul-to-slf4j\1.7.25\jul-to-slf4j-1.7.25.jar;C:\Users\Arges\.m2\repository\javax\annotation\javax.annotation-api\1.3.2\javax.annotation-api-1.3.2.jar;C:\Users\Arges\.m2\repository\org\yaml\snakeyaml\1.23\snakeyaml-1.23.jar;C:\Users\Arges\.m2\repository\org\springframework\boot\spring-boot-actuator-autoconfigure\2.1.1.RELEASE\spring-boot-actuator-autoconfigure-2.1.1.RELEASE.jar;C:\Users\Arges\.m2\repository\org\springframework\boot\spring-boot-actuator\2.1.1.RELEASE\spring-boot-actuator-2.1.1.RELEASE.jar;C:\Users\Arges\.m2\repository\com\fasterxml\jackson\core\jackson-databind\2.9.7\jackson-databind-2.9.7.jar;C:\Users\Arges\.m2\repository\com\fasterxml\jackson\datatype\jackson-datatype-jsr310\2.9.7\jackson-datatype-jsr310-2.9.7.jar;C:\Users\Arges\.m2\repository\io\micrometer\micrometer-core\1.1.1\micrometer-core-1.1.1.jar;C:\Users\Arges\.m2\repository\org\hdrhistogram\HdrHistogram\2.1.9\HdrHistogram-2.1.9.jar;C:\Users\Arges\.m2\repository\org\latencyutils\LatencyUtils\2.0.3\LatencyUtils-2.0.3.jar;C:\Users\Arges\.m2\repository\org\springframework\boot\spring-boot-starter-aop\2.1.1.RELEASE\spring-boot-starter-aop-2.1.1.RELEASE.jar;C:\Users\Arges\.m2\repository\org\springframework\spring-aop\5.1.3.RELEASE\spring-aop-5.1.3.RELEASE.jar;C:\Users\Arges\.m2\repository\org\springframework\spring-beans\5.1.3.RELEASE\spring-beans-5.1.3.RELEASE.jar;C:\Users\Arges\.m2\repository\org\aspectj\aspectjweaver\1.9.2\aspectjweaver-1.9.2.jar;C:\Users\Arges\.m2\repository\org\springframework\boot\spring-boot-starter-cache\2.1.1.RELEASE\spring-boot-starter-cache-2.1.1.RELEASE.jar;C:\Users\Arges\.m2\repository\org\springframework\spring-context-support\5.1.3.RELEASE\spring-context-support-5.1.3.RELEASE.jar;C:\Users\Arges\.m2\repository\org\springframework\boot\spring-boot-starter-data-jpa\2.1.1.RELEASE\spring-boot-starter-data-jpa-2.1.1.RELEASE.jar;C:\Users\Arges\.m2\repository\org\springframework\boot\spring-boot-starter-jdbc\2.1.1.RELEASE\spring-boot-starter-jdbc-2.1.1.RELEASE.jar;C:\Users\Arges\.m2\repository\com\zaxxer\HikariCP\3.2.0\HikariCP-3.2.0.jar;C:\Users\Arges\.m2\repository\org\springframework\spring-jdbc\5.1.3.RELEASE\spring-jdbc-5.1.3.RELEASE.jar;C:\Users\Arges\.m2\repository\javax\transaction\javax.transaction-api\1.3\javax.transaction-api-1.3.jar;C:\Users\Arges\.m2\repository\javax\xml\bind\jaxb-api\2.3.1\jaxb-api-2.3.1.jar;C:\Users\Arges\.m2\repository\javax\activation\javax.activation-api\1.2.0\javax.activation-api-1.2.0.jar;C:\Users\Arges\.m2\repository\org\hibernate\hibernate-core\5.3.7.Final\hibernate-core-5.3.7.Final.jar;C:\Users\Arges\.m2\repository\org\jboss\logging\jboss-logging\3.3.2.Final\jboss-logging-3.3.2.Final.jar;C:\Users\Arges\.m2\repository\javax\persistence\javax.persistence-api\2.2\javax.persistence-api-2.2.jar;C:\Users\Arges\.m2\repository\org\javassist\javassist\3.23.1-GA\javassist-3.23.1-GA.jar;C:\Users\Arges\.m2\repository\net\bytebuddy\byte-buddy\1.9.5\byte-buddy-1.9.5.jar;C:\Users\Arges\.m2\repository\antlr\antlr\2.7.7\antlr-2.7.7.jar;C:\Users\Arges\.m2\repository\org\jboss\jandex\2.0.5.Final\jandex-2.0.5.Final.jar;C:\Users\Arges\.m2\repository\com\fasterxml\classmate\1.4.0\classmate-1.4.0.jar;C:\Users\Arges\.m2\repository\org\dom4j\dom4j\2.1.1\dom4j-2.1.1.jar;C:\Users\Arges\.m2\repository\org\hibernate\common\hibernate-commons-annotations\5.0.4.Final\hibernate-commons-annotations-5.0.4.Final.jar;C:\Users\Arges\.m2\repository\org\springframework\data\spring-data-jpa\2.1.3.RELEASE\spring-data-jpa-2.1.3.RELEASE.jar;C:\Users\Arges\.m2\repository\org\springframework\data\spring-data-commons\2.1.3.RELEASE\spring-data-commons-2.1.3.RELEASE.jar;C:\Users\Arges\.m2\repository\org\springframework\spring-orm\5.1.3.RELEASE\spring-orm-5.1.3.RELEASE.jar;C:\Users\Arges\.m2\repository\org\springframework\spring-tx\5.1.3.RELEASE\spring-tx-5.1.3.RELEASE.jar;C:\Users\Arges\.m2\repository\org\springframework\spring-aspects\5.1.3.RELEASE\spring-aspects-5.1.3.RELEASE.jar;C:\Users\Arges\.m2\repository\org\springframework\boot\spring-boot-starter-data-rest\2.1.1.RELEASE\spring-boot-starter-data-rest-2.1.1.RELEASE.jar;C:\Users\Arges\.m2\repository\org\springframework\data\spring-data-rest-webmvc\3.1.3.RELEASE\spring-data-rest-webmvc-3.1.3.RELEASE.jar;C:\Users\Arges\.m2\repository\org\springframework\data\spring-data-rest-core\3.1.3.RELEASE\spring-data-rest-core-3.1.3.RELEASE.jar;C:\Users\Arges\.m2\repository\org\atteo\evo-inflector\1.2.2\evo-inflector-1.2.2.jar;C:\Users\Arges\.m2\repository\com\fasterxml\jackson\core\jackson-annotations\2.9.0\jackson-annotations-2.9.0.jar;C:\Users\Arges\.m2\repository\org\springframework\boot\spring-boot-starter-hateoas\2.1.1.RELEASE\spring-boot-starter-hateoas-2.1.1.RELEASE.jar;C:\Users\Arges\.m2\repository\org\springframework\hateoas\spring-hateoas\0.25.0.RELEASE\spring-hateoas-0.25.0.RELEASE.jar;C:\Users\Arges\.m2\repository\org\springframework\plugin\spring-plugin-core\1.2.0.RELEASE\spring-plugin-core-1.2.0.RELEASE.jar;C:\Users\Arges\.m2\repository\org\springframework\boot\spring-boot-starter-integration\2.1.1.RELEASE\spring-boot-starter-integration-2.1.1.RELEASE.jar;C:\Users\Arges\.m2\repository\org\springframework\integration\spring-integration-core\5.1.1.RELEASE\spring-integration-core-5.1.1.RELEASE.jar;C:\Users\Arges\.m2\repository\io\projectreactor\reactor-core\3.2.3.RELEASE\reactor-core-3.2.3.RELEASE.jar;C:\Users\Arges\.m2\repository\org\springframework\boot\spring-boot-starter-mail\2.1.1.RELEASE\spring-boot-starter-mail-2.1.1.RELEASE.jar;C:\Users\Arges\.m2\repository\com\sun\mail\javax.mail\1.6.2\javax.mail-1.6.2.jar;C:\Users\Arges\.m2\repository\javax\activation\activation\1.1\activation-1.1.jar;C:\Users\Arges\.m2\repository\org\springframework\boot\spring-boot-starter-thymeleaf\2.1.1.RELEASE\spring-boot-starter-thymeleaf-2.1.1.RELEASE.jar;C:\Users\Arges\.m2\repository\org\thymeleaf\thymeleaf-spring5\3.0.11.RELEASE\thymeleaf-spring5-3.0.11.RELEASE.jar;C:\Users\Arges\.m2\repository\org\thymeleaf\thymeleaf\3.0.11.RELEASE\thymeleaf-3.0.11.RELEASE.jar;C:\Users\Arges\.m2\repository\org\attoparser\attoparser\2.0.5.RELEASE\attoparser-2.0.5.RELEASE.jar;C:\Users\Arges\.m2\repository\org\unbescape\unbescape\1.1.6.RELEASE\unbescape-1.1.6.RELEASE.jar;C:\Users\Arges\.m2\repository\org\thymeleaf\extras\thymeleaf-extras-java8time\3.0.2.RELEASE\thymeleaf-extras-java8time-3.0.2.RELEASE.jar;C:\Users\Arges\.m2\repository\org\springframework\boot\spring-boot-starter-validation\2.1.1.RELEASE\spring-boot-starter-validation-2.1.1.RELEASE.jar;C:\Users\Arges\.m2\repository\org\apache\tomcat\embed\tomcat-embed-el\9.0.13\tomcat-embed-el-9.0.13.jar;C:\Users\Arges\.m2\repository\org\hibernate\validator\hibernate-validator\6.0.13.Final\hibernate-validator-6.0.13.Final.jar;C:\Users\Arges\.m2\repository\javax\validation\validation-api\2.0.1.Final\validation-api-2.0.1.Final.jar;C:\Users\Arges\.m2\repository\org\springframework\boot\spring-boot-starter-web\2.1.1.RELEASE\spring-boot-starter-web-2.1.1.RELEASE.jar;C:\Users\Arges\.m2\repository\org\springframework\boot\spring-boot-starter-json\2.1.1.RELEASE\spring-boot-starter-json-2.1.1.RELEASE.jar;C:\Users\Arges\.m2\repository\com\fasterxml\jackson\datatype\jackson-datatype-jdk8\2.9.7\jackson-datatype-jdk8-2.9.7.jar;C:\Users\Arges\.m2\repository\com\fasterxml\jackson\module\jackson-module-parameter-names\2.9.7\jackson-module-parameter-names-2.9.7.jar;C:\Users\Arges\.m2\repository\org\springframework\boot\spring-boot-starter-tomcat\2.1.1.RELEASE\spring-boot-starter-tomcat-2.1.1.RELEASE.jar;C:\Users\Arges\.m2\repository\org\apache\tomcat\embed\tomcat-embed-core\9.0.13\tomcat-embed-core-9.0.13.jar;C:\Users\Arges\.m2\repository\org\apache\tomcat\embed\tomcat-embed-websocket\9.0.13\tomcat-embed-websocket-9.0.13.jar;C:\Users\Arges\.m2\repository\org\springframework\spring-web\5.1.3.RELEASE\spring-web-5.1.3.RELEASE.jar;C:\Users\Arges\.m2\repository\org\springframework\spring-webmvc\5.1.3.RELEASE\spring-webmvc-5.1.3.RELEASE.jar;C:\Users\Arges\.m2\repository\org\springframework\spring-expression\5.1.3.RELEASE\spring-expression-5.1.3.RELEASE.jar;C:\Users\Arges\.m2\repository\de\codecentric\spring-boot-admin-starter-client\2.1.1\spring-boot-admin-starter-client-2.1.1.jar;C:\Users\Arges\.m2\repository\de\codecentric\spring-boot-admin-client\2.1.1\spring-boot-admin-client-2.1.1.jar;C:\Users\Arges\.m2\repository\org\jolokia\jolokia-core\1.6.0\jolokia-core-1.6.0.jar;C:\Users\Arges\.m2\repository\com\googlecode\json-simple\json-simple\1.1.1\json-simple-1.1.1.jar;C:\Users\Arges\.m2\repository\com\google\code\findbugs\jsr305\3.0.2\jsr305-3.0.2.jar;C:\Users\Arges\.m2\repository\org\springframework\cloud\spring-cloud-starter-netflix-hystrix\2.1.0.M3\spring-cloud-starter-netflix-hystrix-2.1.0.M3.jar;C:\Users\Arges\.m2\repository\org\springframework\cloud\spring-cloud-starter\2.1.0.M2\spring-cloud-starter-2.1.0.M2.jar;C:\Users\Arges\.m2\repository\org\springframework\cloud\spring-cloud-context\2.1.0.M2\spring-cloud-context-2.1.0.M2.jar;C:\Users\Arges\.m2\repository\org\springframework\security\spring-security-crypto\5.1.2.RELEASE\spring-security-crypto-5.1.2.RELEASE.jar;C:\Users\Arges\.m2\repository\org\springframework\cloud\spring-cloud-commons\2.1.0.M2\spring-cloud-commons-2.1.0.M2.jar;C:\Users\Arges\.m2\repository\org\springframework\security\spring-security-rsa\1.0.7.RELEASE\spring-security-rsa-1.0.7.RELEASE.jar;C:\Users\Arges\.m2\repository\org\bouncycastle\bcpkix-jdk15on\1.60\bcpkix-jdk15on-1.60.jar;C:\Users\Arges\.m2\repository\org\bouncycastle\bcprov-jdk15on\1.60\bcprov-jdk15on-1.60.jar;C:\Users\Arges\.m2\repository\org\springframework\cloud\spring-cloud-netflix-hystrix\2.1.0.M3\spring-cloud-netflix-hystrix-2.1.0.M3.jar;C:\Users\Arges\.m2\repository\org\springframework\cloud\spring-cloud-netflix-ribbon\2.1.0.M3\spring-cloud-netflix-ribbon-2.1.0.M3.jar;C:\Users\Arges\.m2\repository\org\springframework\cloud\spring-cloud-netflix-archaius\2.1.0.M3\spring-cloud-netflix-archaius-2.1.0.M3.jar;C:\Users\Arges\.m2\repository\org\springframework\cloud\spring-cloud-starter-netflix-archaius\2.1.0.M3\spring-cloud-starter-netflix-archaius-2.1.0.M3.jar;C:\Users\Arges\.m2\repository\com\netflix\archaius\archaius-core\0.7.6\archaius-core-0.7.6.jar;C:\Users\Arges\.m2\repository\commons-configuration\commons-configuration\1.8\commons-configuration-1.8.jar;C:\Users\Arges\.m2\repository\commons-lang\commons-lang\2.6\commons-lang-2.6.jar;C:\Users\Arges\.m2\repository\com\netflix\hystrix\hystrix-core\1.5.12\hystrix-core-1.5.12.jar;C:\Users\Arges\.m2\repository\io\reactivex\rxjava\1.3.8\rxjava-1.3.8.jar;C:\Users\Arges\.m2\repository\com\netflix\hystrix\hystrix-serialization\1.5.12\hystrix-serialization-1.5.12.jar;C:\Users\Arges\.m2\repository\com\fasterxml\jackson\module\jackson-module-afterburner\2.9.7\jackson-module-afterburner-2.9.7.jar;C:\Users\Arges\.m2\repository\com\fasterxml\jackson\core\jackson-core\2.9.7\jackson-core-2.9.7.jar;C:\Users\Arges\.m2\repository\com\netflix\hystrix\hystrix-metrics-event-stream\1.5.12\hystrix-metrics-event-stream-1.5.12.jar;C:\Users\Arges\.m2\repository\com\netflix\hystrix\hystrix-javanica\1.5.12\hystrix-javanica-1.5.12.jar;C:\Users\Arges\.m2\repository\org\apache\commons\commons-lang3\3.8.1\commons-lang3-3.8.1.jar;C:\Users\Arges\.m2\repository\org\ow2\asm\asm\5.0.4\asm-5.0.4.jar;C:\Users\Arges\.m2\repository\com\google\guava\guava\15.0\guava-15.0.jar;C:\Users\Arges\.m2\repository\io\reactivex\rxjava-reactive-streams\1.2.1\rxjava-reactive-streams-1.2.1.jar;C:\Users\Arges\.m2\repository\org\reactivestreams\reactive-streams\1.0.2\reactive-streams-1.0.2.jar;C:\Users\Arges\.m2\repository\org\springframework\integration\spring-integration-kafka\3.1.0.RELEASE\spring-integration-kafka-3.1.0.RELEASE.jar;C:\Users\Arges\.m2\repository\org\springframework\kafka\spring-kafka\2.2.2.RELEASE\spring-kafka-2.2.2.RELEASE.jar;C:\Users\Arges\.m2\repository\org\apache\kafka\kafka-streams\2.0.1\kafka-streams-2.0.1.jar;C:\Users\Arges\.m2\repository\org\apache\kafka\kafka-clients\2.0.1\kafka-clients-2.0.1.jar;C:\Users\Arges\.m2\repository\org\lz4\lz4-java\1.4.1\lz4-java-1.4.1.jar;C:\Users\Arges\.m2\repository\org\xerial\snappy\snappy-java\1.1.7.1\snappy-java-1.1.7.1.jar;C:\Users\Arges\.m2\repository\org\apache\kafka\connect-json\2.0.1\connect-json-2.0.1.jar;C:\Users\Arges\.m2\repository\org\apache\kafka\connect-api\2.0.1\connect-api-2.0.1.jar;C:\Users\Arges\.m2\repository\javax\ws\rs\javax.ws.rs-api\2.1\javax.ws.rs-api-2.1.jar;C:\Users\Arges\.m2\repository\org\slf4j\slf4j-api\1.7.25\slf4j-api-1.7.25.jar;C:\Users\Arges\.m2\repository\org\rocksdb\rocksdbjni\5.7.3\rocksdbjni-5.7.3.jar;C:\Users\Arges\.m2\repository\org\springframework\cloud\spring-cloud-stream\2.1.0.RC2\spring-cloud-stream-2.1.0.RC2.jar;C:\Users\Arges\.m2\repository\org\springframework\spring-messaging\5.1.3.RELEASE\spring-messaging-5.1.3.RELEASE.jar;C:\Users\Arges\.m2\repository\org\springframework\integration\spring-integration-jmx\5.1.1.RELEASE\spring-integration-jmx-5.1.1.RELEASE.jar;C:\Users\Arges\.m2\repository\org\springframework\spring-tuple\1.0.0.RELEASE\spring-tuple-1.0.0.RELEASE.jar;C:\Users\Arges\.m2\repository\com\esotericsoftware\kryo-shaded\3.0.3\kryo-shaded-3.0.3.jar;C:\Users\Arges\.m2\repository\com\esotericsoftware\minlog\1.3.0\minlog-1.3.0.jar;C:\Users\Arges\.m2\repository\org\springframework\integration\spring-integration-tuple\1.0.0.RELEASE\spring-integration-tuple-1.0.0.RELEASE.jar;C:\Users\Arges\.m2\repository\org\springframework\retry\spring-retry\1.2.2.RELEASE\spring-retry-1.2.2.RELEASE.jar;C:\Users\Arges\.m2\repository\org\springframework\cloud\spring-cloud-function-context\2.0.0.RC2\spring-cloud-function-context-2.0.0.RC2.jar;C:\Users\Arges\.m2\repository\org\springframework\cloud\spring-cloud-function-core\2.0.0.RC2\spring-cloud-function-core-2.0.0.RC2.jar;C:\Users\Arges\.m2\repository\org\springframework\cloud\spring-cloud-stream-binder-kafka\2.1.0.RC2\spring-cloud-stream-binder-kafka-2.1.0.RC2.jar;C:\Users\Arges\.m2\repository\org\springframework\cloud\spring-cloud-stream-binder-kafka-core\2.1.0.RC2\spring-cloud-stream-binder-kafka-core-2.1.0.RC2.jar;C:\Users\Arges\.m2\repository\org\springframework\boot\spring-boot-devtools\2.1.1.RELEASE\spring-boot-devtools-2.1.1.RELEASE.jar;C:\Users\Arges\.m2\repository\org\springframework\boot\spring-boot\2.1.1.RELEASE\spring-boot-2.1.1.RELEASE.jar;C:\Users\Arges\.m2\repository\org\springframework\boot\spring-boot-autoconfigure\2.1.1.RELEASE\spring-boot-autoconfigure-2.1.1.RELEASE.jar;C:\Users\Arges\.m2\repository\com\h2database\h2\1.4.197\h2-1.4.197.jar;C:\Users\Arges\.m2\repository\mysql\mysql-connector-java\8.0.13\mysql-connector-java-8.0.13.jar;C:\Users\Arges\.m2\repository\org\projectlombok\lombok\1.18.4\lombok-1.18.4.jar;C:\Users\Arges\.m2\repository\org\springframework\boot\spring-boot-starter-test\2.1.1.RELEASE\spring-boot-starter-test-2.1.1.RELEASE.jar;C:\Users\Arges\.m2\repository\org\springframework\boot\spring-boot-test\2.1.1.RELEASE\spring-boot-test-2.1.1.RELEASE.jar;C:\Users\Arges\.m2\repository\org\springframework\boot\spring-boot-test-autoconfigure\2.1.1.RELEASE\spring-boot-test-autoconfigure-2.1.1.RELEASE.jar;C:\Users\Arges\.m2\repository\com\jayway\jsonpath\json-path\2.4.0\json-path-2.4.0.jar;C:\Users\Arges\.m2\repository\net\minidev\json-smart\2.3\json-smart-2.3.jar;C:\Users\Arges\.m2\repository\net\minidev\accessors-smart\1.2\accessors-smart-1.2.jar;C:\Users\Arges\.m2\repository\junit\junit\4.12\junit-4.12.jar;C:\Users\Arges\.m2\repository\org\assertj\assertj-core\3.11.1\assertj-core-3.11.1.jar;C:\Users\Arges\.m2\repository\org\mockito\mockito-core\2.23.4\mockito-core-2.23.4.jar;C:\Users\Arges\.m2\repository\net\bytebuddy\byte-buddy-agent\1.9.5\byte-buddy-agent-1.9.5.jar;C:\Users\Arges\.m2\repository\org\objenesis\objenesis\2.6\objenesis-2.6.jar;C:\Users\Arges\.m2\repository\org\hamcrest\hamcrest-core\1.3\hamcrest-core-1.3.jar;C:\Users\Arges\.m2\repository\org\hamcrest\hamcrest-library\1.3\hamcrest-library-1.3.jar;C:\Users\Arges\.m2\repository\org\skyscreamer\jsonassert\1.5.0\jsonassert-1.5.0.jar;C:\Users\Arges\.m2\repository\com\vaadin\external\google\android-json\0.0.20131108.vaadin1\android-json-0.0.20131108.vaadin1.jar;C:\Users\Arges\.m2\repository\org\springframework\spring-core\5.1.3.RELEASE\spring-core-5.1.3.RELEASE.jar;C:\Users\Arges\.m2\repository\org\springframework\spring-jcl\5.1.3.RELEASE\spring-jcl-5.1.3.RELEASE.jar;C:\Users\Arges\.m2\repository\org\springframework\spring-test\5.1.3.RELEASE\spring-test-5.1.3.RELEASE.jar;C:\Users\Arges\.m2\repository\org\xmlunit\xmlunit-core\2.6.2\xmlunit-core-2.6.2.jar;C:\Users\Arges\.m2\repository\org\springframework\kafka\spring-kafka-test\2.2.2.RELEASE\spring-kafka-test-2.2.2.RELEASE.jar;C:\Users\Arges\.m2\repository\org\springframework\spring-context\5.1.3.RELEASE\spring-context-5.1.3.RELEASE.jar;C:\Users\Arges\.m2\repository\org\apache\kafka\kafka-clients\2.0.0\kafka-clients-2.0.0-test.jar;C:\Users\Arges\.m2\repository\org\apache\kafka\kafka_2.11\2.0.1\kafka_2.11-2.0.1.jar;C:\Users\Arges\.m2\repository\net\sf\jopt-simple\jopt-simple\5.0.4\jopt-simple-5.0.4.jar;C:\Users\Arges\.m2\repository\com\yammer\metrics\metrics-core\2.2.0\metrics-core-2.2.0.jar;C:\Users\Arges\.m2\repository\org\scala-lang\scala-library\2.11.12\scala-library-2.11.12.jar;C:\Users\Arges\.m2\repository\org\scala-lang\scala-reflect\2.11.12\scala-reflect-2.11.12.jar;C:\Users\Arges\.m2\repository\com\typesafe\scala-logging\scala-logging_2.11\3.9.0\scala-logging_2.11-3.9.0.jar;C:\Users\Arges\.m2\repository\com\101tec\zkclient\0.10\zkclient-0.10.jar;C:\Users\Arges\.m2\repository\org\apache\zookeeper\zookeeper\3.4.13\zookeeper-3.4.13.jar;C:\Users\Arges\.m2\repository\org\apache\yetus\audience-annotations\0.5.0\audience-annotations-0.5.0.jar;C:\Users\Arges\.m2\repository\org\apache\kafka\kafka_2.11\2.0.0\kafka_2.11-2.0.0-test.jar;C:\Users\Arges\.m2\repository\org\jsoup\jsoup\1.8.3\jsoup-1.8.3.jar;C:\Users\Arges\.m2\repository\javax\json\javax.json-api\1.1.4\javax.json-api-1.1.4.jar;C:\Users\Arges\.m2\repository\org\glassfish\javax.json\1.1\javax.json-1.1.jar;"/>
    <property name="sun.cpu.endian" value="little"/>
    <property name="user.home" value="C:\Users\Arges"/>
    <property name="user.language" value="de"/>
    <property name="java.specification.vendor" value="Oracle Corporation"/>
    <property name="java.version.date" value="2020-07-14"/>
    <property name="java.home" value="C:\Program Files\Java\jdk-14.0.2"/>
    <property name="file.separator" value="\"/>
    <property name="basedir" value="D:\Programmierung\Java\Workspace_STS\RezepttoolManager"/>
    <property name="java.vm.compressedOopsMode" value="Zero based"/>
    <property name="line.separator" value="&#10;"/>
    <property name="java.vm.specification.vendor" value="Oracle Corporation"/>
    <property name="java.specification.name" value="Java Platform API Specification"/>
    <property name="surefire.real.class.path" value="C:\Users\Arges\AppData\Local\Temp\surefire5690073705920995425\surefirebooter17356358200207491318.jar"/>
    <property name="user.script" value=""/>
    <property name="sun.management.compiler" value="HotSpot 64-Bit Tiered Compilers"/>
    <property name="java.runtime.version" value="14.0.2+12-46"/>
    <property name="user.name" value="Arges"/>
    <property name="path.separator" value=";"/>
    <property name="os.version" value="10.0"/>
    <property name="java.runtime.name" value="Java(TM) SE Runtime Environment"/>
    <property name="file.encoding" value="Cp1252"/>
    <property name="java.vm.name" value="Java HotSpot(TM) 64-Bit Server VM"/>
    <property name="localRepository" value="C:\Users\Arges\.m2\repository"/>
    <property name="java.vendor.url.bug" value="https://bugreport.java.com/bugreport/"/>
    <property name="java.io.tmpdir" value="C:\Users\Arges\AppData\Local\Temp\"/>
    <property name="java.version" value="14.0.2"/>
    <property name="user.dir" value="D:\Programmierung\Java\Workspace_STS\RezepttoolManager"/>
    <property name="os.arch" value="amd64"/>
    <property name="java.vm.specification.name" value="Java Virtual Machine Specification"/>
    <property name="sun.os.patch.level" value=""/>
    <property name="java.library.path" value="C:\Program Files\Java\jdk-14.0.2\bin;C:\WINDOWS\Sun\Java\bin;C:\WINDOWS\system32;C:\WINDOWS;C:/Program Files/Java/jdk-14.0.2/bin/server;C:/Program Files/Java/jdk-14.0.2/bin;C:\Program Files\Java\jre7\bin;C:\ProgramData\Oracle\Java\javapath;C:\Windows\system32;C:\Windows;C:\Windows\System32\Wbem;C:\Windows\System32\WindowsPowerShell\v1.0\;C:\Program Files (x86)\NVIDIA Corporation\PhysX\Common;C:\WINDOWS\system32;C:\WINDOWS;C:\WINDOWS\System32\Wbem;C:\WINDOWS\System32\WindowsPowerShell\v1.0\;C:\Program Files\TortoiseGit\bin;C:\Program Files (x86)\Skype\Phone\;D:\Programme\OpenVPN\bin;D:\Programme\LaTex\MikTex\miktex\bin\x64\;C:\WINDOWS\System32\OpenSSH\;C:\Program Files\NVIDIA Corporation\NVIDIA NvDLISR;C:\Program Files\Git\cmd;C:\Program Files\nodejs\;C:\WINDOWS\system32;C:\WINDOWS;C:\WINDOWS\System32\Wbem;C:\WINDOWS\System32\WindowsPowerShell\v1.0\;C:\WINDOWS\System32\OpenSSH\;C:\Users\Arges\AppData\Local\Microsoft\WindowsApps;D:\Programme\LaTex\MikTex\miktex\bin\x64;C:\Users\Arges\AppData\Local\GitHubDesktop\bin;D:\Programme\Microsoft VS Code\bin;C:\Users\Arges\AppData\Roaming\npm;C:\Users\Arges\AppData\Local\Microsoft\WindowsApps;C:\Users\Arges\AppData\Local\Programs\Microsoft VS Code\bin;D:\Programme\Python27;;C:\Users\Arges\Desktop;;."/>
    <property name="java.vm.info" value="mixed mode, sharing"/>
    <property name="java.vendor" value="Oracle Corporation"/>
    <property name="java.vm.version" value="14.0.2+12-46"/>
    <property name="sun.io.unicode.encoding" value="UnicodeLittle"/>
    <property name="java.class.version" value="58.0"/>
  </properties>
  <testcase name="controllerImportAndSave_load2xDifferentURLs_CorrectIngredNames" classname="de.tkoehler.rezepttool.manager.restcontroller.test.CreateRecipeControllerIntegrationTest" time="0.627">
    <failure message="&#10;Expected: is &lt;500 INTERNAL_SERVER_ERROR&gt;&#10;     but: was &lt;200 OK&gt;" type="java.lang.AssertionError"><![CDATA[java.lang.AssertionError: 

Expected: is <500 INTERNAL_SERVER_ERROR>
     but: was <200 OK>
	at de.tkoehler.rezepttool.manager.restcontroller.test.CreateRecipeControllerIntegrationTest.controllerImportAndSave_load2xDifferentURLs_CorrectIngredNames(CreateRecipeControllerIntegrationTest.java:38)
]]></failure>
    <system-out><![CDATA[15:26:45.516 [main] DEBUG org.springframework.test.context.junit4.SpringJUnit4ClassRunner - SpringJUnit4ClassRunner constructor called with [class de.tkoehler.rezepttool.manager.restcontroller.test.CreateRecipeControllerIntegrationTest]
15:26:45.521 [main] DEBUG org.springframework.test.context.BootstrapUtils - Instantiating CacheAwareContextLoaderDelegate from class [org.springframework.test.context.cache.DefaultCacheAwareContextLoaderDelegate]
15:26:45.554 [main] DEBUG org.springframework.test.context.BootstrapUtils - Instantiating BootstrapContext using constructor [public org.springframework.test.context.support.DefaultBootstrapContext(java.lang.Class,org.springframework.test.context.CacheAwareContextLoaderDelegate)]
15:26:45.603 [main] DEBUG org.springframework.test.context.BootstrapUtils - Instantiating TestContextBootstrapper for test class [de.tkoehler.rezepttool.manager.restcontroller.test.CreateRecipeControllerIntegrationTest] from class [org.springframework.boot.test.context.SpringBootTestContextBootstrapper]
15:26:45.632 [main] INFO org.springframework.boot.test.context.SpringBootTestContextBootstrapper - Neither @ContextConfiguration nor @ContextHierarchy found for test class [de.tkoehler.rezepttool.manager.restcontroller.test.CreateRecipeControllerIntegrationTest], using SpringBootContextLoader
15:26:45.635 [main] DEBUG org.springframework.test.context.support.AbstractContextLoader - Did not detect default resource location for test class [de.tkoehler.rezepttool.manager.restcontroller.test.CreateRecipeControllerIntegrationTest]: class path resource [de/tkoehler/rezepttool/manager/restcontroller/test/CreateRecipeControllerIntegrationTest-context.xml] does not exist
15:26:45.636 [main] DEBUG org.springframework.test.context.support.AbstractContextLoader - Did not detect default resource location for test class [de.tkoehler.rezepttool.manager.restcontroller.test.CreateRecipeControllerIntegrationTest]: class path resource [de/tkoehler/rezepttool/manager/restcontroller/test/CreateRecipeControllerIntegrationTestContext.groovy] does not exist
15:26:45.636 [main] INFO org.springframework.test.context.support.AbstractContextLoader - Could not detect default resource locations for test class [de.tkoehler.rezepttool.manager.restcontroller.test.CreateRecipeControllerIntegrationTest]: no resource found for suffixes {-context.xml, Context.groovy}.
15:26:45.637 [main] INFO org.springframework.test.context.support.AnnotationConfigContextLoaderUtils - Could not detect default configuration classes for test class [de.tkoehler.rezepttool.manager.restcontroller.test.CreateRecipeControllerIntegrationTest]: CreateRecipeControllerIntegrationTest does not declare any static, non-private, non-final, nested classes annotated with @Configuration.
15:26:45.728 [main] DEBUG org.springframework.test.context.support.ActiveProfilesUtils - Could not find an 'annotation declaring class' for annotation type [org.springframework.test.context.ActiveProfiles] and class [de.tkoehler.rezepttool.manager.restcontroller.test.CreateRecipeControllerIntegrationTest]
15:26:45.903 [main] DEBUG org.springframework.context.annotation.ClassPathScanningCandidateComponentProvider - Identified candidate component class: file [D:\Programmierung\Java\Workspace_STS\RezepttoolManager\target\classes\de\tkoehler\rezepttool\manager\RezepttoolManagerApplication.class]
15:26:45.905 [main] INFO org.springframework.boot.test.context.SpringBootTestContextBootstrapper - Found @SpringBootConfiguration de.tkoehler.rezepttool.manager.RezepttoolManagerApplication for test class de.tkoehler.rezepttool.manager.restcontroller.test.CreateRecipeControllerIntegrationTest
15:26:46.062 [main] DEBUG org.springframework.boot.test.context.SpringBootTestContextBootstrapper - @TestExecutionListeners is not present for class [de.tkoehler.rezepttool.manager.restcontroller.test.CreateRecipeControllerIntegrationTest]: using defaults.
15:26:46.063 [main] INFO org.springframework.boot.test.context.SpringBootTestContextBootstrapper - Loaded default TestExecutionListener class names from location [META-INF/spring.factories]: [org.springframework.boot.test.mock.mockito.MockitoTestExecutionListener, org.springframework.boot.test.mock.mockito.ResetMocksTestExecutionListener, org.springframework.boot.test.autoconfigure.restdocs.RestDocsTestExecutionListener, org.springframework.boot.test.autoconfigure.web.client.MockRestServiceServerResetTestExecutionListener, org.springframework.boot.test.autoconfigure.web.servlet.MockMvcPrintOnlyOnFailureTestExecutionListener, org.springframework.boot.test.autoconfigure.web.servlet.WebDriverTestExecutionListener, org.springframework.test.context.web.ServletTestExecutionListener, org.springframework.test.context.support.DirtiesContextBeforeModesTestExecutionListener, org.springframework.test.context.support.DependencyInjectionTestExecutionListener, org.springframework.test.context.support.DirtiesContextTestExecutionListener, org.springframework.test.context.transaction.TransactionalTestExecutionListener, org.springframework.test.context.jdbc.SqlScriptsTestExecutionListener]
15:26:46.080 [main] INFO org.springframework.boot.test.context.SpringBootTestContextBootstrapper - Using TestExecutionListeners: [org.springframework.test.context.web.ServletTestExecutionListener@63cd604c, org.springframework.test.context.support.DirtiesContextBeforeModesTestExecutionListener@40dd3977, org.springframework.boot.test.mock.mockito.MockitoTestExecutionListener@3a4e343, org.springframework.boot.test.autoconfigure.SpringBootDependencyInjectionTestExecutionListener@6a1d204a, org.springframework.test.context.support.DirtiesContextTestExecutionListener@62dae245, org.springframework.test.context.transaction.TransactionalTestExecutionListener@4b6579e8, org.springframework.test.context.jdbc.SqlScriptsTestExecutionListener@6fff253c, org.springframework.boot.test.mock.mockito.ResetMocksTestExecutionListener@6c6357f9, org.springframework.boot.test.autoconfigure.restdocs.RestDocsTestExecutionListener@591e58fa, org.springframework.boot.test.autoconfigure.web.client.MockRestServiceServerResetTestExecutionListener@3954d008, org.springframework.boot.test.autoconfigure.web.servlet.MockMvcPrintOnlyOnFailureTestExecutionListener@2f94c4db, org.springframework.boot.test.autoconfigure.web.servlet.WebDriverTestExecutionListener@593e824f]
15:26:46.081 [main] DEBUG org.springframework.test.annotation.ProfileValueUtils - Retrieved @ProfileValueSourceConfiguration [null] for test class [de.tkoehler.rezepttool.manager.restcontroller.test.CreateRecipeControllerIntegrationTest]
15:26:46.082 [main] DEBUG org.springframework.test.annotation.ProfileValueUtils - Retrieved ProfileValueSource type [class org.springframework.test.annotation.SystemProfileValueSource] for class [de.tkoehler.rezepttool.manager.restcontroller.test.CreateRecipeControllerIntegrationTest]
15:26:46.082 [main] DEBUG org.springframework.test.annotation.ProfileValueUtils - Retrieved @ProfileValueSourceConfiguration [null] for test class [de.tkoehler.rezepttool.manager.restcontroller.test.CreateRecipeControllerIntegrationTest]
15:26:46.082 [main] DEBUG org.springframework.test.annotation.ProfileValueUtils - Retrieved ProfileValueSource type [class org.springframework.test.annotation.SystemProfileValueSource] for class [de.tkoehler.rezepttool.manager.restcontroller.test.CreateRecipeControllerIntegrationTest]
15:26:46.082 [main] DEBUG org.springframework.test.annotation.ProfileValueUtils - Retrieved @ProfileValueSourceConfiguration [null] for test class [de.tkoehler.rezepttool.manager.restcontroller.test.CreateRecipeControllerIntegrationTest]
15:26:46.082 [main] DEBUG org.springframework.test.annotation.ProfileValueUtils - Retrieved ProfileValueSource type [class org.springframework.test.annotation.SystemProfileValueSource] for class [de.tkoehler.rezepttool.manager.restcontroller.test.CreateRecipeControllerIntegrationTest]
15:26:46.084 [main] DEBUG org.springframework.test.context.support.AbstractDirtiesContextTestExecutionListener - Before test class: context [DefaultTestContext@549621f3 testClass = CreateRecipeControllerIntegrationTest, testInstance = [null], testMethod = [null], testException = [null], mergedContextConfiguration = [WebMergedContextConfiguration@54361a9 testClass = CreateRecipeControllerIntegrationTest, locations = '{}', classes = '{class de.tkoehler.rezepttool.manager.RezepttoolManagerApplication}', contextInitializerClasses = '[]', activeProfiles = '{}', propertySourceLocations = '{classpath:/test.properties}', propertySourceProperties = '{org.springframework.boot.test.context.SpringBootTestContextBootstrapper=true, server.port=0}', contextCustomizers = set[org.springframework.boot.test.context.filter.ExcludeFilterContextCustomizer@74c79fa2, org.springframework.boot.test.json.DuplicateJsonObjectContextCustomizerFactory$DuplicateJsonObjectContextCustomizer@7642df8f, org.springframework.boot.test.mock.mockito.MockitoContextCustomizer@0, org.springframework.boot.test.web.client.TestRestTemplateContextCustomizer@5d8bafa9, org.springframework.boot.test.autoconfigure.properties.PropertyMappingContextCustomizer@0, org.springframework.boot.test.autoconfigure.web.servlet.WebDriverContextCustomizerFactory$Customizer@1ecee32c], resourceBasePath = 'src/main/webapp', contextLoader = 'org.springframework.boot.test.context.SpringBootContextLoader', parent = [null]], attributes = map['org.springframework.test.context.web.ServletTestExecutionListener.activateListener' -> false]], class annotated with @DirtiesContext [true] with mode [AFTER_CLASS].
15:26:46.085 [main] DEBUG org.springframework.test.annotation.ProfileValueUtils - Retrieved @ProfileValueSourceConfiguration [null] for test class [de.tkoehler.rezepttool.manager.restcontroller.test.CreateRecipeControllerIntegrationTest]
15:26:46.085 [main] DEBUG org.springframework.test.annotation.ProfileValueUtils - Retrieved ProfileValueSource type [class org.springframework.test.annotation.SystemProfileValueSource] for class [de.tkoehler.rezepttool.manager.restcontroller.test.CreateRecipeControllerIntegrationTest]
15:26:46.088 [main] DEBUG org.springframework.test.context.support.DependencyInjectionTestExecutionListener - Performing dependency injection for test context [[DefaultTestContext@549621f3 testClass = CreateRecipeControllerIntegrationTest, testInstance = de.tkoehler.rezepttool.manager.restcontroller.test.CreateRecipeControllerIntegrationTest@1bdf8190, testMethod = [null], testException = [null], mergedContextConfiguration = [WebMergedContextConfiguration@54361a9 testClass = CreateRecipeControllerIntegrationTest, locations = '{}', classes = '{class de.tkoehler.rezepttool.manager.RezepttoolManagerApplication}', contextInitializerClasses = '[]', activeProfiles = '{}', propertySourceLocations = '{classpath:/test.properties}', propertySourceProperties = '{org.springframework.boot.test.context.SpringBootTestContextBootstrapper=true, server.port=0}', contextCustomizers = set[org.springframework.boot.test.context.filter.ExcludeFilterContextCustomizer@74c79fa2, org.springframework.boot.test.json.DuplicateJsonObjectContextCustomizerFactory$DuplicateJsonObjectContextCustomizer@7642df8f, org.springframework.boot.test.mock.mockito.MockitoContextCustomizer@0, org.springframework.boot.test.web.client.TestRestTemplateContextCustomizer@5d8bafa9, org.springframework.boot.test.autoconfigure.properties.PropertyMappingContextCustomizer@0, org.springframework.boot.test.autoconfigure.web.servlet.WebDriverContextCustomizerFactory$Customizer@1ecee32c], resourceBasePath = 'src/main/webapp', contextLoader = 'org.springframework.boot.test.context.SpringBootContextLoader', parent = [null]], attributes = map['org.springframework.test.context.web.ServletTestExecutionListener.activateListener' -> false]]].
15:26:46.113 [main] DEBUG org.springframework.test.context.support.TestPropertySourceUtils - Adding inlined properties to environment: {spring.jmx.enabled=false, org.springframework.boot.test.context.SpringBootTestContextBootstrapper=true, server.port=0}
2020-09-12 15:26:46.985  INFO 16820 --- [           main] trationDelegate$BeanPostProcessorChecker : Bean 'configurationPropertiesRebinderAutoConfiguration' of type [org.springframework.cloud.autoconfigure.ConfigurationPropertiesRebinderAutoConfiguration$$EnhancerBySpringCGLIB$$5744c423] is not eligible for getting processed by all BeanPostProcessors (for example: not eligible for auto-proxying)

  .   ____          _            __ _ _
 /\\ / ___'_ __ _ _(_)_ __  __ _ \ \ \ \
( ( )\___ | '_ | '_| | '_ \/ _` | \ \ \ \
 \\/  ___)| |_)| | | | | || (_| |  ) ) ) )
  '  |____| .__|_| |_|_| |_\__, | / / / /
 =========|_|==============|___/=/_/_/_/
 :: Spring Boot ::        (v2.1.1.RELEASE)

2020-09-12 15:26:47.204  INFO 16820 --- [           main] .t.CreateRecipeControllerIntegrationTest : No active profile set, falling back to default profiles: default
2020-09-12 15:26:48.878  INFO 16820 --- [           main] .s.d.r.c.RepositoryConfigurationDelegate : Bootstrapping Spring Data repositories in DEFAULT mode.
2020-09-12 15:26:49.140  INFO 16820 --- [           main] .s.d.r.c.RepositoryConfigurationDelegate : Finished Spring Data repository scanning in 254ms. Found 3 repository interfaces.
2020-09-12 15:26:49.754  INFO 16820 --- [           main] o.s.cloud.context.scope.GenericScope     : BeanFactory id=1bd833f8-6bf5-356e-8270-1ca2eadaa7cd
2020-09-12 15:26:49.839  INFO 16820 --- [           main] faultConfiguringBeanFactoryPostProcessor : No bean named 'errorChannel' has been explicitly defined. Therefore, a default PublishSubscribeChannel will be created.
2020-09-12 15:26:49.855  INFO 16820 --- [           main] faultConfiguringBeanFactoryPostProcessor : No bean named 'taskScheduler' has been explicitly defined. Therefore, a default ThreadPoolTaskScheduler will be created.
2020-09-12 15:26:49.865  INFO 16820 --- [           main] faultConfiguringBeanFactoryPostProcessor : No bean named 'integrationHeaderChannelRegistry' has been explicitly defined. Therefore, a default DefaultHeaderChannelRegistry will be created.
2020-09-12 15:26:49.967  INFO 16820 --- [           main] trationDelegate$BeanPostProcessorChecker : Bean 'org.springframework.kafka.annotation.KafkaBootstrapConfiguration' of type [org.springframework.kafka.annotation.KafkaBootstrapConfiguration$$EnhancerBySpringCGLIB$$edcd2a9] is not eligible for getting processed by all BeanPostProcessors (for example: not eligible for auto-proxying)
2020-09-12 15:26:50.027  INFO 16820 --- [           main] trationDelegate$BeanPostProcessorChecker : Bean 'org.springframework.transaction.annotation.ProxyTransactionManagementConfiguration' of type [org.springframework.transaction.annotation.ProxyTransactionManagementConfiguration$$EnhancerBySpringCGLIB$$3b2ac126] is not eligible for getting processed by all BeanPostProcessors (for example: not eligible for auto-proxying)
2020-09-12 15:26:50.056  INFO 16820 --- [           main] trationDelegate$BeanPostProcessorChecker : Bean 'org.springframework.integration.config.IntegrationManagementConfiguration' of type [org.springframework.integration.config.IntegrationManagementConfiguration$$EnhancerBySpringCGLIB$$a61c7c55] is not eligible for getting processed by all BeanPostProcessors (for example: not eligible for auto-proxying)
2020-09-12 15:26:50.096  INFO 16820 --- [           main] trationDelegate$BeanPostProcessorChecker : Bean 'integrationDisposableAutoCreatedBeans' of type [org.springframework.integration.config.annotation.Disposables] is not eligible for getting processed by all BeanPostProcessors (for example: not eligible for auto-proxying)
2020-09-12 15:26:50.134  INFO 16820 --- [           main] trationDelegate$BeanPostProcessorChecker : Bean 'org.springframework.hateoas.config.HateoasConfiguration' of type [org.springframework.hateoas.config.HateoasConfiguration$$EnhancerBySpringCGLIB$$baab0e58] is not eligible for getting processed by all BeanPostProcessors (for example: not eligible for auto-proxying)
2020-09-12 15:26:50.173  INFO 16820 --- [           main] trationDelegate$BeanPostProcessorChecker : Bean 'org.springframework.cloud.autoconfigure.ConfigurationPropertiesRebinderAutoConfiguration' of type [org.springframework.cloud.autoconfigure.ConfigurationPropertiesRebinderAutoConfiguration$$EnhancerBySpringCGLIB$$5744c423] is not eligible for getting processed by all BeanPostProcessors (for example: not eligible for auto-proxying)
2020-09-12 15:26:50.847  INFO 16820 --- [           main] o.s.b.w.embedded.tomcat.TomcatWebServer  : Tomcat initialized with port(s): 0 (http)
2020-09-12 15:26:50.882  INFO 16820 --- [           main] o.apache.catalina.core.StandardService   : Starting service [Tomcat]
2020-09-12 15:26:50.882  INFO 16820 --- [           main] org.apache.catalina.core.StandardEngine  : Starting Servlet Engine: Apache Tomcat/9.0.13
2020-09-12 15:26:50.911  INFO 16820 --- [           main] o.a.catalina.core.AprLifecycleListener   : The APR based Apache Tomcat Native library which allows optimal performance in production environments was not found on the java.library.path: [C:\Program Files\Java\jdk-14.0.2\bin;C:\WINDOWS\Sun\Java\bin;C:\WINDOWS\system32;C:\WINDOWS;C:/Program Files/Java/jdk-14.0.2/bin/server;C:/Program Files/Java/jdk-14.0.2/bin;C:\Program Files\Java\jre7\bin;C:\ProgramData\Oracle\Java\javapath;C:\Windows\system32;C:\Windows;C:\Windows\System32\Wbem;C:\Windows\System32\WindowsPowerShell\v1.0\;C:\Program Files (x86)\NVIDIA Corporation\PhysX\Common;C:\WINDOWS\system32;C:\WINDOWS;C:\WINDOWS\System32\Wbem;C:\WINDOWS\System32\WindowsPowerShell\v1.0\;C:\Program Files\TortoiseGit\bin;C:\Program Files (x86)\Skype\Phone\;D:\Programme\OpenVPN\bin;D:\Programme\LaTex\MikTex\miktex\bin\x64\;C:\WINDOWS\System32\OpenSSH\;C:\Program Files\NVIDIA Corporation\NVIDIA NvDLISR;C:\Program Files\Git\cmd;C:\Program Files\nodejs\;C:\WINDOWS\system32;C:\WINDOWS;C:\WINDOWS\System32\Wbem;C:\WINDOWS\System32\WindowsPowerShell\v1.0\;C:\WINDOWS\System32\OpenSSH\;C:\Users\Arges\AppData\Local\Microsoft\WindowsApps;D:\Programme\LaTex\MikTex\miktex\bin\x64;C:\Users\Arges\AppData\Local\GitHubDesktop\bin;D:\Programme\Microsoft VS Code\bin;C:\Users\Arges\AppData\Roaming\npm;C:\Users\Arges\AppData\Local\Microsoft\WindowsApps;C:\Users\Arges\AppData\Local\Programs\Microsoft VS Code\bin;D:\Programme\Python27;;C:\Users\Arges\Desktop;;.]
2020-09-12 15:26:51.122  INFO 16820 --- [           main] o.a.c.c.C.[Tomcat].[localhost].[/]       : Initializing Spring embedded WebApplicationContext
2020-09-12 15:26:51.122  INFO 16820 --- [           main] o.s.web.context.ContextLoader            : Root WebApplicationContext: initialization completed in 3913 ms
2020-09-12 15:26:51.401  WARN 16820 --- [           main] c.n.c.sources.URLConfigurationSource     : No URLs will be polled as dynamic configuration sources.
2020-09-12 15:26:51.401  INFO 16820 --- [           main] c.n.c.sources.URLConfigurationSource     : To enable URLs as dynamic configuration sources, define System property archaius.configurationSource.additionalUrls or make config.properties available on classpath.
2020-09-12 15:26:51.433  INFO 16820 --- [           main] c.netflix.config.DynamicPropertyFactory  : DynamicPropertyFactory is initialized with configuration sources: com.netflix.config.ConcurrentCompositeConfiguration@52a75c12
2020-09-12 15:26:52.984  INFO 16820 --- [           main] com.zaxxer.hikari.HikariDataSource       : HikariPool-1 - Starting...
2020-09-12 15:26:53.223  INFO 16820 --- [           main] com.zaxxer.hikari.HikariDataSource       : HikariPool-1 - Start completed.
2020-09-12 15:26:53.317  INFO 16820 --- [           main] o.hibernate.jpa.internal.util.LogHelper  : HHH000204: Processing PersistenceUnitInfo [
	name: default
	...]
2020-09-12 15:26:53.426  INFO 16820 --- [           main] org.hibernate.Version                    : HHH000412: Hibernate Core {5.3.7.Final}
2020-09-12 15:26:53.429  INFO 16820 --- [           main] org.hibernate.cfg.Environment            : HHH000206: hibernate.properties not found
2020-09-12 15:26:53.530  INFO 16820 --- [           main] o.hibernate.annotations.common.Version   : HCANN000001: Hibernate Commons Annotations {5.0.4.Final}
2020-09-12 15:26:53.725  INFO 16820 --- [           main] org.hibernate.dialect.Dialect            : HHH000400: Using dialect: org.hibernate.dialect.H2Dialect
Hibernate: 
    
    create table tblalternativenames (
       ingredient_id varchar(36) not null,
        alternative_name varchar(255)
    )
Hibernate: 
    
    create table tblingredients (
       id varchar(36) not null,
        department varchar(100),
        name varchar(100) not null,
        primary key (id)
    )
Hibernate: 
    
    create table tblrecipecategories (
       recipe_entity_id varchar(36) not null,
        category varchar(255)
    )
Hibernate: 
    
    create table tblrecipeingredients (
       id varchar(36) not null,
        amount varchar(50),
        ingredient_id varchar(36) not null,
        recipe_id varchar(36) not null,
        primary key (id)
    )
Hibernate: 
    
    create table tblrecipes (
       id varchar(36) not null,
        additional_information varchar(100),
        callories varchar(15),
        cook_time varchar(20),
        difficulty varchar(20),
        instructions clob,
        name varchar(100) not null,
        portions varchar(10),
        rest_time varchar(20),
        url varchar(200) not null,
        work_time varchar(20),
        primary key (id)
    )
Hibernate: 
    
    alter table tblingredients 
       drop constraint if exists UK4niibn8tuho77ubovje7vwx7f
Hibernate: 
    
    alter table tblingredients 
       add constraint UK4niibn8tuho77ubovje7vwx7f unique (name, department)
Hibernate: 
    
    alter table tblrecipes 
       drop constraint if exists UK2k0idn2ovhfevrobyja6o38rf
Hibernate: 
    
    alter table tblrecipes 
       add constraint UK2k0idn2ovhfevrobyja6o38rf unique (url, name)
Hibernate: 
    
    alter table tblalternativenames 
       add constraint FKb79m6etwjw3225eha9cra8wsm 
       foreign key (ingredient_id) 
       references tblingredients
Hibernate: 
    
    alter table tblrecipecategories 
       add constraint FKl0rh8kk4kciyvqmeymvmeo6ko 
       foreign key (recipe_entity_id) 
       references tblrecipes
Hibernate: 
    
    alter table tblrecipeingredients 
       add constraint FK94moy1b3qkl8m6hmlbpqlepan 
       foreign key (ingredient_id) 
       references tblingredients
Hibernate: 
    
    alter table tblrecipeingredients 
       add constraint FKlovi61q12aybyhdv648lddlf 
       foreign key (recipe_id) 
       references tblrecipes
2020-09-12 15:26:54.662  INFO 16820 --- [           main] j.LocalContainerEntityManagerFactoryBean : Initialized JPA EntityManagerFactory for persistence unit 'default'
2020-09-12 15:26:55.125  INFO 16820 --- [           main] o.h.h.i.QueryTranslatorFactoryInitiator  : HHH000397: Using ASTQueryTranslatorFactory
2020-09-12 15:26:55.993  WARN 16820 --- [           main] o.s.c.n.a.ArchaiusAutoConfiguration      : No spring.application.name found, defaulting to 'application'
2020-09-12 15:26:55.994  WARN 16820 --- [           main] c.n.c.sources.URLConfigurationSource     : No URLs will be polled as dynamic configuration sources.
2020-09-12 15:26:55.994  INFO 16820 --- [           main] c.n.c.sources.URLConfigurationSource     : To enable URLs as dynamic configuration sources, define System property archaius.configurationSource.additionalUrls or make config.properties available on classpath.
2020-09-12 15:26:56.382  INFO 16820 --- [           main] o.s.s.concurrent.ThreadPoolTaskExecutor  : Initializing ExecutorService 'applicationTaskExecutor'
2020-09-12 15:26:56.457  WARN 16820 --- [           main] aWebConfiguration$JpaWebMvcConfiguration : spring.jpa.open-in-view is enabled by default. Therefore, database queries may be performed during view rendering. Explicitly configure spring.jpa.open-in-view to disable this warning
2020-09-12 15:26:56.723  INFO 16820 --- [           main] o.s.b.a.w.s.WelcomePageHandlerMapping    : Adding welcome page template: index
2020-09-12 15:26:57.730  INFO 16820 --- [           main] o.s.b.a.e.web.EndpointLinksResolver      : Exposing 2 endpoint(s) beneath base path '/actuator'
2020-09-12 15:26:57.907  INFO 16820 --- [           main] o.s.s.c.ThreadPoolTaskScheduler          : Initializing ExecutorService 'taskScheduler'
2020-09-12 15:26:58.023  INFO 16820 --- [           main] o.s.i.endpoint.EventDrivenConsumer       : Adding {logging-channel-adapter:_org.springframework.integration.errorLogger} as a subscriber to the 'errorChannel' channel
2020-09-12 15:26:58.023  INFO 16820 --- [           main] o.s.i.channel.PublishSubscribeChannel    : Channel 'application-1.errorChannel' has 1 subscriber(s).
2020-09-12 15:26:58.023  INFO 16820 --- [           main] o.s.i.endpoint.EventDrivenConsumer       : started _org.springframework.integration.errorLogger
2020-09-12 15:26:58.089  INFO 16820 --- [           main] o.s.b.w.embedded.tomcat.TomcatWebServer  : Tomcat started on port(s): 59447 (http) with context path ''
2020-09-12 15:26:58.092  INFO 16820 --- [           main] .t.CreateRecipeControllerIntegrationTest : Started CreateRecipeControllerIntegrationTest in 11.975 seconds (JVM running for 13.8)
2020-09-12 15:26:58.113  INFO 16820 --- [           main] d.t.r.m.r.CreateRecipeControllerImpl     : RequestBody: "https://www.chefkoch.de/rezepte/2280021363771917/Knoblauch-Champignons.html"
2020-09-12 15:26:58.714 ERROR 16820 --- [           main] d.t.r.m.r.CreateRecipeControllerImpl     : Fehler beim Erstellen!

java.lang.ClassCastException: class org.glassfish.json.JsonNumberImpl$JsonBigDecimalNumber cannot be cast to class javax.json.JsonString (org.glassfish.json.JsonNumberImpl$JsonBigDecimalNumber and javax.json.JsonString are in unnamed module of loader 'app')
	at org.glassfish.json.JsonObjectBuilderImpl$JsonObjectImpl.getJsonString(JsonObjectBuilderImpl.java:252) ~[javax.json-1.1.jar:1.1]
	at org.glassfish.json.JsonObjectBuilderImpl$JsonObjectImpl.getString(JsonObjectBuilderImpl.java:257) ~[javax.json-1.1.jar:1.1]
	at de.tkoehler.rezepttool.manager.services.recipeparser.ChefkochRecipeParserImpl.createChefkochRecipe(ChefkochRecipeParserImpl.java:116) ~[classes/:na]
	at de.tkoehler.rezepttool.manager.services.recipeparser.ChefkochRecipeParserImpl.parseRecipe(ChefkochRecipeParserImpl.java:36) ~[classes/:na]
	at de.tkoehler.rezepttool.manager.services.ImporterServiceImpl.loadRecipeFromExternal(ImporterServiceImpl.java:34) ~[classes/:na]
	at de.tkoehler.rezepttool.manager.restcontroller.CreateRecipeControllerImpl.loadRecipeFromExternalURL(CreateRecipeControllerImpl.java:84) ~[classes/:na]
	at de.tkoehler.rezepttool.manager.restcontroller.test.CreateRecipeControllerIntegrationTest.controllerImportAndSave_load2xDifferentURLs_CorrectIngredNames(CreateRecipeControllerIntegrationTest.java:37) ~[test-classes/:na]
	at java.base/jdk.internal.reflect.NativeMethodAccessorImpl.invoke0(Native Method) ~[na:na]
	at java.base/jdk.internal.reflect.NativeMethodAccessorImpl.invoke(NativeMethodAccessorImpl.java:62) ~[na:na]
	at java.base/jdk.internal.reflect.DelegatingMethodAccessorImpl.invoke(DelegatingMethodAccessorImpl.java:43) ~[na:na]
	at java.base/java.lang.reflect.Method.invoke(Method.java:564) ~[na:na]
	at org.junit.runners.model.FrameworkMethod$1.runReflectiveCall(FrameworkMethod.java:50) ~[junit-4.12.jar:4.12]
	at org.junit.internal.runners.model.ReflectiveCallable.run(ReflectiveCallable.java:12) ~[junit-4.12.jar:4.12]
	at org.junit.runners.model.FrameworkMethod.invokeExplosively(FrameworkMethod.java:47) ~[junit-4.12.jar:4.12]
	at org.junit.internal.runners.statements.InvokeMethod.evaluate(InvokeMethod.java:17) ~[junit-4.12.jar:4.12]
	at org.springframework.test.context.junit4.statements.RunBeforeTestExecutionCallbacks.evaluate(RunBeforeTestExecutionCallbacks.java:74) ~[spring-test-5.1.3.RELEASE.jar:5.1.3.RELEASE]
	at org.springframework.test.context.junit4.statements.RunAfterTestExecutionCallbacks.evaluate(RunAfterTestExecutionCallbacks.java:84) ~[spring-test-5.1.3.RELEASE.jar:5.1.3.RELEASE]
	at org.springframework.test.context.junit4.statements.RunBeforeTestMethodCallbacks.evaluate(RunBeforeTestMethodCallbacks.java:75) ~[spring-test-5.1.3.RELEASE.jar:5.1.3.RELEASE]
	at org.springframework.test.context.junit4.statements.RunAfterTestMethodCallbacks.evaluate(RunAfterTestMethodCallbacks.java:86) ~[spring-test-5.1.3.RELEASE.jar:5.1.3.RELEASE]
	at org.springframework.test.context.junit4.statements.SpringRepeat.evaluate(SpringRepeat.java:84) ~[spring-test-5.1.3.RELEASE.jar:5.1.3.RELEASE]
	at org.junit.runners.ParentRunner.runLeaf(ParentRunner.java:325) ~[junit-4.12.jar:4.12]
	at org.springframework.test.context.junit4.SpringJUnit4ClassRunner.runChild(SpringJUnit4ClassRunner.java:251) ~[spring-test-5.1.3.RELEASE.jar:5.1.3.RELEASE]
	at org.springframework.test.context.junit4.SpringJUnit4ClassRunner.runChild(SpringJUnit4ClassRunner.java:97) ~[spring-test-5.1.3.RELEASE.jar:5.1.3.RELEASE]
	at org.junit.runners.ParentRunner$3.run(ParentRunner.java:290) ~[junit-4.12.jar:4.12]
	at org.junit.runners.ParentRunner$1.schedule(ParentRunner.java:71) ~[junit-4.12.jar:4.12]
	at org.junit.runners.ParentRunner.runChildren(ParentRunner.java:288) ~[junit-4.12.jar:4.12]
	at org.junit.runners.ParentRunner.access$000(ParentRunner.java:58) ~[junit-4.12.jar:4.12]
	at org.junit.runners.ParentRunner$2.evaluate(ParentRunner.java:268) ~[junit-4.12.jar:4.12]
	at org.springframework.test.context.junit4.statements.RunBeforeTestClassCallbacks.evaluate(RunBeforeTestClassCallbacks.java:61) ~[spring-test-5.1.3.RELEASE.jar:5.1.3.RELEASE]
	at org.springframework.test.context.junit4.statements.RunAfterTestClassCallbacks.evaluate(RunAfterTestClassCallbacks.java:70) ~[spring-test-5.1.3.RELEASE.jar:5.1.3.RELEASE]
	at org.junit.runners.ParentRunner.run(ParentRunner.java:363) ~[junit-4.12.jar:4.12]
	at org.springframework.test.context.junit4.SpringJUnit4ClassRunner.run(SpringJUnit4ClassRunner.java:190) ~[spring-test-5.1.3.RELEASE.jar:5.1.3.RELEASE]
	at org.apache.maven.surefire.junit4.JUnit4Provider.execute(JUnit4Provider.java:365) ~[surefire-junit4-2.22.1.jar:2.22.1]
	at org.apache.maven.surefire.junit4.JUnit4Provider.executeWithRerun(JUnit4Provider.java:273) ~[surefire-junit4-2.22.1.jar:2.22.1]
	at org.apache.maven.surefire.junit4.JUnit4Provider.executeTestSet(JUnit4Provider.java:238) ~[surefire-junit4-2.22.1.jar:2.22.1]
	at org.apache.maven.surefire.junit4.JUnit4Provider.invoke(JUnit4Provider.java:159) ~[surefire-junit4-2.22.1.jar:2.22.1]
	at org.apache.maven.surefire.booter.ForkedBooter.invokeProviderInSameClassLoader(ForkedBooter.java:384) ~[surefire-booter-2.22.1.jar:2.22.1]
	at org.apache.maven.surefire.booter.ForkedBooter.runSuitesInProcess(ForkedBooter.java:345) ~[surefire-booter-2.22.1.jar:2.22.1]
	at org.apache.maven.surefire.booter.ForkedBooter.execute(ForkedBooter.java:126) ~[surefire-booter-2.22.1.jar:2.22.1]
	at org.apache.maven.surefire.booter.ForkedBooter.main(ForkedBooter.java:418) ~[surefire-booter-2.22.1.jar:2.22.1]

]]></system-out>
  </testcase>
</testsuite>